2025-09-30 02:58:55,427 [INFO] Starting study channel bot...
2025-09-30 02:58:58,317 [INFO] HTTP Request: POST https://api.telegram.org/bot8373988253:AAFIexsmj8bXJ7X4PtU4zmutYYljWNLDeMc/setMyCommands "HTTP/1.1 200 OK"
2025-09-30 02:58:58,389 [INFO] HTTP Request: POST https://api.telegram.org/bot8373988253:AAFIexsmj8bXJ7X4PtU4zmutYYljWNLDeMc/getMe "HTTP/1.1 200 OK"
2025-09-30 02:58:58,390 [INFO] Study channel bot started successfully
2025-09-30 02:58:58,390 [INFO] Scheduler started
2025-09-30 02:58:58,390 [INFO] Application started
2025-09-30 02:58:58,461 [INFO] HTTP Request: POST https://api.telegram.org/bot8373988253:AAFIexsmj8bXJ7X4PtU4zmutYYljWNLDeMc/deleteWebhook "HTTP/1.1 200 OK"
2025-09-30 02:59:08,670 [INFO] HTTP Request: POST https://api.telegram.org/bot8373988253:AAFIexsmj8bXJ7X4PtU4zmutYYljWNLDeMc/getUpdates "HTTP/1.1 200 OK"
2025-09-30 02:59:18,709 [INFO] HTTP Request: POST https://api.telegram.org/bot8373988253:AAFIexsmj8bXJ7X4PtU4zmutYYljWNLDeMc/getUpdates "HTTP/1.1 200 OK"
2025-09-30 02:59:18,945 [INFO] HTTP Request: POST https://api.telegram.org/bot8373988253:AAFIexsmj8bXJ7X4PtU4zmutYYljWNLDeMc/sendMessage "HTTP/1.1 200 OK"
2025-09-30 02:59:28,779 [INFO] HTTP Request: POST https://api.telegram.org/bot8373988253:AAFIexsmj8bXJ7X4PtU4zmutYYljWNLDeMc/getUpdates "HTTP/1.1 200 OK"
2025-09-30 02:59:38,855 [INFO] HTTP Request: POST https://api.telegram.org/bot8373988253:AAFIexsmj8bXJ7X4PtU4zmutYYljWNLDeMc/getUpdates "HTTP/1.1 200 OK"
2025-09-30 02:59:48,945 [INFO] HTTP Request: POST https://api.telegram.org/bot8373988253:AAFIexsmj8bXJ7X4PtU4zmutYYljWNLDeMc/getUpdates "HTTP/1.1 200 OK"
2025-09-30 02:59:59,023 [INFO] HTTP Request: POST https://api.telegram.org/bot8373988253:AAFIexsmj8bXJ7X4PtU4zmutYYljWNLDeMc/getUpdates "HTTP/1.1 200 OK"
2025-09-30 03:00:09,094 [INFO] HTTP Request: POST https://api.telegram.org/bot8373988253:AAFIexsmj8bXJ7X4PtU4zmutYYljWNLDeMc/getUpdates "HTTP/1.1 200 OK"
2025-09-30 03:00:19,169 [INFO] HTTP Request: POST https://api.telegram.org/bot8373988253:AAFIexsmj8bXJ7X4PtU4zmutYYljWNLDeMc/getUpdates "HTTP/1.1 200 OK"
2025-09-30 03:00:29,248 [INFO] HTTP Request: POST https://api.telegram.org/bot8373988253:AAFIexsmj8bXJ7X4PtU4zmutYYljWNLDeMc/getUpdates "HTTP/1.1 200 OK"
2025-09-30 03:00:39,320 [INFO] HTTP Request: POST https://api.telegram.org/bot8373988253:AAFIexsmj8bXJ7X4PtU4zmutYYljWNLDeMc/getUpdates "HTTP/1.1 200 OK"
2025-09-30 03:00:41,870 [INFO] HTTP Request: POST https://api.telegram.org/bot8373988253:AAFIexsmj8bXJ7X4PtU4zmutYYljWNLDeMc/getUpdates "HTTP/1.1 200 OK"
2025-09-30 03:00:51,941 [INFO] HTTP Request: POST https://api.telegram.org/bot8373988253:AAFIexsmj8bXJ7X4PtU4zmutYYljWNLDeMc/getUpdates "HTTP/1.1 200 OK"
2025-09-30 03:01:02,009 [INFO] HTTP Request: POST https://api.telegram.org/bot8373988253:AAFIexsmj8bXJ7X4PtU4zmutYYljWNLDeMc/getUpdates "HTTP/1.1 200 OK"
2025-09-30 03:01:12,085 [INFO] HTTP Request: POST https://api.telegram.org/bot8373988253:AAFIexsmj8bXJ7X4PtU4zmutYYljWNLDeMc/getUpdates "HTTP/1.1 200 OK"
2025-09-30 03:01:22,162 [INFO] HTTP Request: POST https://api.telegram.org/bot8373988253:AAFIexsmj8bXJ7X4PtU4zmutYYljWNLDeMc/getUpdates "HTTP/1.1 200 OK"
2025-09-30 03:01:32,236 [INFO] HTTP Request: POST https://api.telegram.org/bot8373988253:AAFIexsmj8bXJ7X4PtU4zmutYYljWNLDeMc/getUpdates "HTTP/1.1 200 OK"
2025-09-30 03:01:42,314 [INFO] HTTP Request: POST https://api.telegram.org/bot8373988253:AAFIexsmj8bXJ7X4PtU4zmutYYljWNLDeMc/getUpdates "HTTP/1.1 200 OK"
2025-09-30 03:01:52,388 [INFO] HTTP Request: POST https://api.telegram.org/bot8373988253:AAFIexsmj8bXJ7X4PtU4zmutYYljWNLDeMc/getUpdates "HTTP/1.1 200 OK"
2025-09-30 03:01:59,756 [INFO] HTTP Request: POST https://api.telegram.org/bot8373988253:AAFIexsmj8bXJ7X4PtU4zmutYYljWNLDeMc/getUpdates "HTTP/1.1 200 OK"
2025-09-30 03:01:59,758 [INFO] Auto-learned term from channel: Abstraction
2025-09-30 03:02:09,832 [INFO] HTTP Request: POST https://api.telegram.org/bot8373988253:AAFIexsmj8bXJ7X4PtU4zmutYYljWNLDeMc/getUpdates "HTTP/1.1 200 OK"
2025-09-30 03:02:19,910 [INFO] HTTP Request: POST https://api.telegram.org/bot8373988253:AAFIexsmj8bXJ7X4PtU4zmutYYljWNLDeMc/getUpdates "HTTP/1.1 200 OK"
2025-09-30 03:02:29,988 [INFO] HTTP Request: POST https://api.telegram.org/bot8373988253:AAFIexsmj8bXJ7X4PtU4zmutYYljWNLDeMc/getUpdates "HTTP/1.1 200 OK"
2025-09-30 03:02:40,060 [INFO] HTTP Request: POST https://api.telegram.org/bot8373988253:AAFIexsmj8bXJ7X4PtU4zmutYYljWNLDeMc/getUpdates "HTTP/1.1 200 OK"
2025-09-30 03:02:50,132 [INFO] HTTP Request: POST https://api.telegram.org/bot8373988253:AAFIexsmj8bXJ7X4PtU4zmutYYljWNLDeMc/getUpdates "HTTP/1.1 200 OK"
2025-09-30 03:03:00,204 [INFO] HTTP Request: POST https://api.telegram.org/bot8373988253:AAFIexsmj8bXJ7X4PtU4zmutYYljWNLDeMc/getUpdates "HTTP/1.1 200 OK"
2025-09-30 03:03:10,281 [INFO] HTTP Request: POST https://api.telegram.org/bot8373988253:AAFIexsmj8bXJ7X4PtU4zmutYYljWNLDeMc/getUpdates "HTTP/1.1 200 OK"
2025-09-30 03:03:20,386 [INFO] HTTP Request: POST https://api.telegram.org/bot8373988253:AAFIexsmj8bXJ7X4PtU4zmutYYljWNLDeMc/getUpdates "HTTP/1.1 200 OK"
2025-09-30 03:03:30,458 [INFO] HTTP Request: POST https://api.telegram.org/bot8373988253:AAFIexsmj8bXJ7X4PtU4zmutYYljWNLDeMc/getUpdates "HTTP/1.1 200 OK"
2025-09-30 03:03:40,532 [INFO] HTTP Request: POST https://api.telegram.org/bot8373988253:AAFIexsmj8bXJ7X4PtU4zmutYYljWNLDeMc/getUpdates "HTTP/1.1 200 OK"
2025-09-30 03:03:50,603 [INFO] HTTP Request: POST https://api.telegram.org/bot8373988253:AAFIexsmj8bXJ7X4PtU4zmutYYljWNLDeMc/getUpdates "HTTP/1.1 200 OK"
2025-09-30 03:04:00,678 [INFO] HTTP Request: POST https://api.telegram.org/bot8373988253:AAFIexsmj8bXJ7X4PtU4zmutYYljWNLDeMc/getUpdates "HTTP/1.1 200 OK"
2025-09-30 03:04:10,749 [INFO] HTTP Request: POST https://api.telegram.org/bot8373988253:AAFIexsmj8bXJ7X4PtU4zmutYYljWNLDeMc/getUpdates "HTTP/1.1 200 OK"
2025-09-30 03:04:20,822 [INFO] HTTP Request: POST https://api.telegram.org/bot8373988253:AAFIexsmj8bXJ7X4PtU4zmutYYljWNLDeMc/getUpdates "HTTP/1.1 200 OK"
2025-09-30 03:04:30,894 [INFO] HTTP Request: POST https://api.telegram.org/bot8373988253:AAFIexsmj8bXJ7X4PtU4zmutYYljWNLDeMc/getUpdates "HTTP/1.1 200 OK"
2025-09-30 03:04:40,966 [INFO] HTTP Request: POST https://api.telegram.org/bot8373988253:AAFIexsmj8bXJ7X4PtU4zmutYYljWNLDeMc/getUpdates "HTTP/1.1 200 OK"
2025-09-30 03:04:51,037 [INFO] HTTP Request: POST https://api.telegram.org/bot8373988253:AAFIexsmj8bXJ7X4PtU4zmutYYljWNLDeMc/getUpdates "HTTP/1.1 200 OK"
2025-09-30 03:05:01,107 [INFO] HTTP Request: POST https://api.telegram.org/bot8373988253:AAFIexsmj8bXJ7X4PtU4zmutYYljWNLDeMc/getUpdates "HTTP/1.1 200 OK"
2025-09-30 03:05:11,176 [INFO] HTTP Request: POST https://api.telegram.org/bot8373988253:AAFIexsmj8bXJ7X4PtU4zmutYYljWNLDeMc/getUpdates "HTTP/1.1 200 OK"
2025-09-30 03:05:21,249 [INFO] HTTP Request: POST https://api.telegram.org/bot8373988253:AAFIexsmj8bXJ7X4PtU4zmutYYljWNLDeMc/getUpdates "HTTP/1.1 200 OK"
2025-09-30 03:05:22,180 [INFO] HTTP Request: POST https://api.telegram.org/bot8373988253:AAFIexsmj8bXJ7X4PtU4zmutYYljWNLDeMc/getUpdates "HTTP/1.1 200 OK"
2025-09-30 03:05:32,286 [INFO] HTTP Request: POST https://api.telegram.org/bot8373988253:AAFIexsmj8bXJ7X4PtU4zmutYYljWNLDeMc/getUpdates "HTTP/1.1 200 OK"
2025-09-30 03:05:42,363 [INFO] HTTP Request: POST https://api.telegram.org/bot8373988253:AAFIexsmj8bXJ7X4PtU4zmutYYljWNLDeMc/getUpdates "HTTP/1.1 200 OK"
2025-09-30 03:05:52,436 [INFO] HTTP Request: POST https://api.telegram.org/bot8373988253:AAFIexsmj8bXJ7X4PtU4zmutYYljWNLDeMc/getUpdates "HTTP/1.1 200 OK"
2025-09-30 03:05:56,647 [INFO] HTTP Request: POST https://api.telegram.org/bot8373988253:AAFIexsmj8bXJ7X4PtU4zmutYYljWNLDeMc/getUpdates "HTTP/1.1 200 OK"
2025-09-30 03:05:56,892 [INFO] HTTP Request: POST https://api.telegram.org/bot8373988253:AAFIexsmj8bXJ7X4PtU4zmutYYljWNLDeMc/sendMessage "HTTP/1.1 200 OK"
2025-09-30 03:06:06,724 [INFO] HTTP Request: POST https://api.telegram.org/bot8373988253:AAFIexsmj8bXJ7X4PtU4zmutYYljWNLDeMc/getUpdates "HTTP/1.1 200 OK"
2025-09-30 03:06:07,595 [INFO] HTTP Request: POST https://api.telegram.org/bot8373988253:AAFIexsmj8bXJ7X4PtU4zmutYYljWNLDeMc/getUpdates "HTTP/1.1 200 OK"
2025-09-30 03:06:08,231 [INFO] HTTP Request: POST https://api.telegram.org/bot8373988253:AAFIexsmj8bXJ7X4PtU4zmutYYljWNLDeMc/sendMessage "HTTP/1.1 200 OK"
2025-09-30 03:06:08,233 [INFO] Deleted term: Abstraction
2025-09-30 03:06:14,567 [INFO] HTTP Request: POST https://api.telegram.org/bot8373988253:AAFIexsmj8bXJ7X4PtU4zmutYYljWNLDeMc/getUpdates "HTTP/1.1 200 OK"
2025-09-30 03:06:14,814 [INFO] HTTP Request: POST https://api.telegram.org/bot8373988253:AAFIexsmj8bXJ7X4PtU4zmutYYljWNLDeMc/sendMessage "HTTP/1.1 200 OK"
2025-09-30 03:06:24,638 [INFO] HTTP Request: POST https://api.telegram.org/bot8373988253:AAFIexsmj8bXJ7X4PtU4zmutYYljWNLDeMc/getUpdates "HTTP/1.1 200 OK"
2025-09-30 03:06:34,759 [INFO] HTTP Request: POST https://api.telegram.org/bot8373988253:AAFIexsmj8bXJ7X4PtU4zmutYYljWNLDeMc/getUpdates "HTTP/1.1 200 OK"
2025-09-30 03:06:44,848 [INFO] HTTP Request: POST https://api.telegram.org/bot8373988253:AAFIexsmj8bXJ7X4PtU4zmutYYljWNLDeMc/getUpdates "HTTP/1.1 200 OK"
2025-09-30 03:06:47,162 [INFO] HTTP Request: POST https://api.telegram.org/bot8373988253:AAFIexsmj8bXJ7X4PtU4zmutYYljWNLDeMc/getUpdates "HTTP/1.1 200 OK"
2025-09-30 03:06:47,164 [INFO] Auto-learned term from channel: Abstraction
2025-09-30 03:06:57,254 [INFO] HTTP Request: POST https://api.telegram.org/bot8373988253:AAFIexsmj8bXJ7X4PtU4zmutYYljWNLDeMc/getUpdates "HTTP/1.1 200 OK"
2025-09-30 03:07:04,863 [INFO] HTTP Request: POST https://api.telegram.org/bot8373988253:AAFIexsmj8bXJ7X4PtU4zmutYYljWNLDeMc/getUpdates "HTTP/1.1 200 OK"
2025-09-30 03:07:11,068 [INFO] HTTP Request: POST https://api.telegram.org/bot8373988253:AAFIexsmj8bXJ7X4PtU4zmutYYljWNLDeMc/getUpdates "HTTP/1.1 200 OK"
2025-09-30 03:07:11,324 [INFO] HTTP Request: POST https://api.telegram.org/bot8373988253:AAFIexsmj8bXJ7X4PtU4zmutYYljWNLDeMc/sendMessage "HTTP/1.1 200 OK"
2025-09-30 03:07:17,508 [INFO] HTTP Request: POST https://api.telegram.org/bot8373988253:AAFIexsmj8bXJ7X4PtU4zmutYYljWNLDeMc/getUpdates "HTTP/1.1 200 OK"
2025-09-30 03:07:17,732 [INFO] HTTP Request: POST https://api.telegram.org/bot8373988253:AAFIexsmj8bXJ7X4PtU4zmutYYljWNLDeMc/sendMessage "HTTP/1.1 200 OK"
2025-09-30 03:07:27,580 [INFO] HTTP Request: POST https://api.telegram.org/bot8373988253:AAFIexsmj8bXJ7X4PtU4zmutYYljWNLDeMc/getUpdates "HTTP/1.1 200 OK"
2025-09-30 03:07:37,653 [INFO] HTTP Request: POST https://api.telegram.org/bot8373988253:AAFIexsmj8bXJ7X4PtU4zmutYYljWNLDeMc/getUpdates "HTTP/1.1 200 OK"
2025-09-30 03:07:46,098 [INFO] HTTP Request: POST https://api.telegram.org/bot8373988253:AAFIexsmj8bXJ7X4PtU4zmutYYljWNLDeMc/getUpdates "HTTP/1.1 200 OK"
2025-09-30 03:07:52,771 [INFO] HTTP Request: POST https://api.telegram.org/bot8373988253:AAFIexsmj8bXJ7X4PtU4zmutYYljWNLDeMc/getUpdates "HTTP/1.1 200 OK"
2025-09-30 03:07:53,077 [INFO] HTTP Request: POST https://api.telegram.org/bot8373988253:AAFIexsmj8bXJ7X4PtU4zmutYYljWNLDeMc/sendMessage "HTTP/1.1 200 OK"
2025-09-30 03:07:57,396 [INFO] HTTP Request: POST https://api.telegram.org/bot8373988253:AAFIexsmj8bXJ7X4PtU4zmutYYljWNLDeMc/getUpdates "HTTP/1.1 200 OK"
2025-09-30 03:07:57,485 [INFO] HTTP Request: POST https://api.telegram.org/bot8373988253:AAFIexsmj8bXJ7X4PtU4zmutYYljWNLDeMc/sendMessage "HTTP/1.1 200 OK"
2025-09-30 03:07:59,846 [INFO] HTTP Request: POST https://api.telegram.org/bot8373988253:AAFIexsmj8bXJ7X4PtU4zmutYYljWNLDeMc/getUpdates "HTTP/1.1 200 OK"
2025-09-30 03:07:59,938 [INFO] HTTP Request: POST https://api.telegram.org/bot8373988253:AAFIexsmj8bXJ7X4PtU4zmutYYljWNLDeMc/sendMessage "HTTP/1.1 200 OK"
2025-09-30 03:08:06,257 [INFO] HTTP Request: POST https://api.telegram.org/bot8373988253:AAFIexsmj8bXJ7X4PtU4zmutYYljWNLDeMc/getUpdates "HTTP/1.1 200 OK"
2025-09-30 03:08:06,517 [INFO] HTTP Request: POST https://api.telegram.org/bot8373988253:AAFIexsmj8bXJ7X4PtU4zmutYYljWNLDeMc/sendMessage "HTTP/1.1 200 OK"
2025-09-30 03:08:16,336 [INFO] HTTP Request: POST https://api.telegram.org/bot8373988253:AAFIexsmj8bXJ7X4PtU4zmutYYljWNLDeMc/getUpdates "HTTP/1.1 200 OK"
2025-09-30 03:08:26,410 [INFO] HTTP Request: POST https://api.telegram.org/bot8373988253:AAFIexsmj8bXJ7X4PtU4zmutYYljWNLDeMc/getUpdates "HTTP/1.1 200 OK"
2025-09-30 03:08:36,482 [INFO] HTTP Request: POST https://api.telegram.org/bot8373988253:AAFIexsmj8bXJ7X4PtU4zmutYYljWNLDeMc/getUpdates "HTTP/1.1 200 OK"
2025-09-30 03:08:39,020 [INFO] HTTP Request: POST https://api.telegram.org/bot8373988253:AAFIexsmj8bXJ7X4PtU4zmutYYljWNLDeMc/getUpdates "HTTP/1.1 200 OK"
2025-09-30 03:08:46,182 [INFO] HTTP Request: POST https://api.telegram.org/bot8373988253:AAFIexsmj8bXJ7X4PtU4zmutYYljWNLDeMc/getUpdates "HTTP/1.1 200 OK"
2025-09-30 03:08:46,419 [INFO] HTTP Request: POST https://api.telegram.org/bot8373988253:AAFIexsmj8bXJ7X4PtU4zmutYYljWNLDeMc/sendMessage "HTTP/1.1 200 OK"
2025-09-30 03:08:56,258 [INFO] HTTP Request: POST https://api.telegram.org/bot8373988253:AAFIexsmj8bXJ7X4PtU4zmutYYljWNLDeMc/getUpdates "HTTP/1.1 200 OK"
2025-09-30 03:09:06,338 [INFO] HTTP Request: POST https://api.telegram.org/bot8373988253:AAFIexsmj8bXJ7X4PtU4zmutYYljWNLDeMc/getUpdates "HTTP/1.1 200 OK"
2025-09-30 03:09:16,482 [INFO] HTTP Request: POST https://api.telegram.org/bot8373988253:AAFIexsmj8bXJ7X4PtU4zmutYYljWNLDeMc/getUpdates "HTTP/1.1 200 OK"
2025-09-30 03:09:22,551 [INFO] HTTP Request: POST https://api.telegram.org/bot8373988253:AAFIexsmj8bXJ7X4PtU4zmutYYljWNLDeMc/getUpdates "HTTP/1.1 200 OK"
2025-09-30 03:09:22,777 [INFO] HTTP Request: POST https://api.telegram.org/bot8373988253:AAFIexsmj8bXJ7X4PtU4zmutYYljWNLDeMc/sendMessage "HTTP/1.1 200 OK"
2025-09-30 03:09:22,779 [INFO] Deleted term: Abstraction
2025-09-30 03:09:32,076 [INFO] HTTP Request: POST https://api.telegram.org/bot8373988253:AAFIexsmj8bXJ7X4PtU4zmutYYljWNLDeMc/getUpdates "HTTP/1.1 200 OK"
2025-09-30 03:09:32,309 [INFO] HTTP Request: POST https://api.telegram.org/bot8373988253:AAFIexsmj8bXJ7X4PtU4zmutYYljWNLDeMc/sendMessage "HTTP/1.1 200 OK"
2025-09-30 03:09:42,148 [INFO] HTTP Request: POST https://api.telegram.org/bot8373988253:AAFIexsmj8bXJ7X4PtU4zmutYYljWNLDeMc/getUpdates "HTTP/1.1 200 OK"
2025-09-30 03:09:52,219 [INFO] HTTP Request: POST https://api.telegram.org/bot8373988253:AAFIexsmj8bXJ7X4PtU4zmutYYljWNLDeMc/getUpdates "HTTP/1.1 200 OK"
2025-09-30 03:10:02,298 [INFO] HTTP Request: POST https://api.telegram.org/bot8373988253:AAFIexsmj8bXJ7X4PtU4zmutYYljWNLDeMc/getUpdates "HTTP/1.1 200 OK"
2025-09-30 03:10:02,634 [INFO] HTTP Request: POST https://api.telegram.org/bot8373988253:AAFIexsmj8bXJ7X4PtU4zmutYYljWNLDeMc/getUpdates "HTTP/1.1 200 OK"
2025-09-30 03:10:02,636 [INFO] Auto-learned term from channel: Abstraction
2025-09-30 03:10:12,706 [INFO] HTTP Request: POST https://api.telegram.org/bot8373988253:AAFIexsmj8bXJ7X4PtU4zmutYYljWNLDeMc/getUpdates "HTTP/1.1 200 OK"
2025-09-30 03:10:14,452 [INFO] HTTP Request: POST https://api.telegram.org/bot8373988253:AAFIexsmj8bXJ7X4PtU4zmutYYljWNLDeMc/getUpdates "HTTP/1.1 200 OK"
2025-09-30 03:10:14,728 [INFO] HTTP Request: POST https://api.telegram.org/bot8373988253:AAFIexsmj8bXJ7X4PtU4zmutYYljWNLDeMc/sendMessage "HTTP/1.1 200 OK"
2025-09-30 03:10:20,227 [INFO] HTTP Request: POST https://api.telegram.org/bot8373988253:AAFIexsmj8bXJ7X4PtU4zmutYYljWNLDeMc/getUpdates "HTTP/1.1 200 OK"
2025-09-30 03:10:20,462 [INFO] HTTP Request: POST https://api.telegram.org/bot8373988253:AAFIexsmj8bXJ7X4PtU4zmutYYljWNLDeMc/sendMessage "HTTP/1.1 200 OK"
2025-09-30 03:10:30,295 [INFO] HTTP Request: POST https://api.telegram.org/bot8373988253:AAFIexsmj8bXJ7X4PtU4zmutYYljWNLDeMc/getUpdates "HTTP/1.1 200 OK"
2025-09-30 03:10:40,372 [INFO] HTTP Request: POST https://api.telegram.org/bot8373988253:AAFIexsmj8bXJ7X4PtU4zmutYYljWNLDeMc/getUpdates "HTTP/1.1 200 OK"
2025-09-30 03:10:50,449 [INFO] HTTP Request: POST https://api.telegram.org/bot8373988253:AAFIexsmj8bXJ7X4PtU4zmutYYljWNLDeMc/getUpdates "HTTP/1.1 200 OK"
2025-09-30 03:11:00,522 [INFO] HTTP Request: POST https://api.telegram.org/bot8373988253:AAFIexsmj8bXJ7X4PtU4zmutYYljWNLDeMc/getUpdates "HTTP/1.1 200 OK"
2025-09-30 03:11:10,607 [INFO] HTTP Request: POST https://api.telegram.org/bot8373988253:AAFIexsmj8bXJ7X4PtU4zmutYYljWNLDeMc/getUpdates "HTTP/1.1 200 OK"
2025-09-30 03:11:20,678 [INFO] HTTP Request: POST https://api.telegram.org/bot8373988253:AAFIexsmj8bXJ7X4PtU4zmutYYljWNLDeMc/getUpdates "HTTP/1.1 200 OK"
2025-09-30 03:11:30,797 [INFO] HTTP Request: POST https://api.telegram.org/bot8373988253:AAFIexsmj8bXJ7X4PtU4zmutYYljWNLDeMc/getUpdates "HTTP/1.1 200 OK"
2025-09-30 03:11:40,864 [INFO] HTTP Request: POST https://api.telegram.org/bot8373988253:AAFIexsmj8bXJ7X4PtU4zmutYYljWNLDeMc/getUpdates "HTTP/1.1 200 OK"
2025-09-30 03:11:50,932 [INFO] HTTP Request: POST https://api.telegram.org/bot8373988253:AAFIexsmj8bXJ7X4PtU4zmutYYljWNLDeMc/getUpdates "HTTP/1.1 200 OK"
2025-09-30 03:12:01,004 [INFO] HTTP Request: POST https://api.telegram.org/bot8373988253:AAFIexsmj8bXJ7X4PtU4zmutYYljWNLDeMc/getUpdates "HTTP/1.1 200 OK"
2025-09-30 03:12:11,096 [INFO] HTTP Request: POST https://api.telegram.org/bot8373988253:AAFIexsmj8bXJ7X4PtU4zmutYYljWNLDeMc/getUpdates "HTTP/1.1 200 OK"
2025-09-30 03:12:21,164 [INFO] HTTP Request: POST https://api.telegram.org/bot8373988253:AAFIexsmj8bXJ7X4PtU4zmutYYljWNLDeMc/getUpdates "HTTP/1.1 200 OK"
2025-09-30 03:12:31,381 [INFO] HTTP Request: POST https://api.telegram.org/bot8373988253:AAFIexsmj8bXJ7X4PtU4zmutYYljWNLDeMc/getUpdates "HTTP/1.1 200 OK"
2025-09-30 03:12:41,459 [INFO] HTTP Request: POST https://api.telegram.org/bot8373988253:AAFIexsmj8bXJ7X4PtU4zmutYYljWNLDeMc/getUpdates "HTTP/1.1 200 OK"
2025-09-30 03:12:51,533 [INFO] HTTP Request: POST https://api.telegram.org/bot8373988253:AAFIexsmj8bXJ7X4PtU4zmutYYljWNLDeMc/getUpdates "HTTP/1.1 200 OK"
2025-09-30 03:13:01,609 [INFO] HTTP Request: POST https://api.telegram.org/bot8373988253:AAFIexsmj8bXJ7X4PtU4zmutYYljWNLDeMc/getUpdates "HTTP/1.1 200 OK"
2025-09-30 03:13:11,692 [INFO] HTTP Request: POST https://api.telegram.org/bot8373988253:AAFIexsmj8bXJ7X4PtU4zmutYYljWNLDeMc/getUpdates "HTTP/1.1 200 OK"
2025-09-30 03:13:21,775 [INFO] HTTP Request: POST https://api.telegram.org/bot8373988253:AAFIexsmj8bXJ7X4PtU4zmutYYljWNLDeMc/getUpdates "HTTP/1.1 200 OK"
2025-09-30 03:13:31,846 [INFO] HTTP Request: POST https://api.telegram.org/bot8373988253:AAFIexsmj8bXJ7X4PtU4zmutYYljWNLDeMc/getUpdates "HTTP/1.1 200 OK"
2025-09-30 03:13:41,918 [INFO] HTTP Request: POST https://api.telegram.org/bot8373988253:AAFIexsmj8bXJ7X4PtU4zmutYYljWNLDeMc/getUpdates "HTTP/1.1 200 OK"
2025-09-30 03:13:51,990 [INFO] HTTP Request: POST https://api.telegram.org/bot8373988253:AAFIexsmj8bXJ7X4PtU4zmutYYljWNLDeMc/getUpdates "HTTP/1.1 200 OK"
2025-09-30 03:14:02,207 [INFO] HTTP Request: POST https://api.telegram.org/bot8373988253:AAFIexsmj8bXJ7X4PtU4zmutYYljWNLDeMc/getUpdates "HTTP/1.1 200 OK"
2025-09-30 03:14:12,287 [INFO] HTTP Request: POST https://api.telegram.org/bot8373988253:AAFIexsmj8bXJ7X4PtU4zmutYYljWNLDeMc/getUpdates "HTTP/1.1 200 OK"
2025-09-30 03:14:22,365 [INFO] HTTP Request: POST https://api.telegram.org/bot8373988253:AAFIexsmj8bXJ7X4PtU4zmutYYljWNLDeMc/getUpdates "HTTP/1.1 200 OK"
2025-09-30 03:14:32,439 [INFO] HTTP Request: POST https://api.telegram.org/bot8373988253:AAFIexsmj8bXJ7X4PtU4zmutYYljWNLDeMc/getUpdates "HTTP/1.1 200 OK"
2025-09-30 03:14:42,593 [INFO] HTTP Request: POST https://api.telegram.org/bot8373988253:AAFIexsmj8bXJ7X4PtU4zmutYYljWNLDeMc/getUpdates "HTTP/1.1 200 OK"
2025-09-30 03:14:52,665 [INFO] HTTP Request: POST https://api.telegram.org/bot8373988253:AAFIexsmj8bXJ7X4PtU4zmutYYljWNLDeMc/getUpdates "HTTP/1.1 200 OK"
2025-09-30 03:15:02,736 [INFO] HTTP Request: POST https://api.telegram.org/bot8373988253:AAFIexsmj8bXJ7X4PtU4zmutYYljWNLDeMc/getUpdates "HTTP/1.1 200 OK"
2025-09-30 03:15:12,806 [INFO] HTTP Request: POST https://api.telegram.org/bot8373988253:AAFIexsmj8bXJ7X4PtU4zmutYYljWNLDeMc/getUpdates "HTTP/1.1 200 OK"
2025-09-30 03:15:22,877 [INFO] HTTP Request: POST https://api.telegram.org/bot8373988253:AAFIexsmj8bXJ7X4PtU4zmutYYljWNLDeMc/getUpdates "HTTP/1.1 200 OK"
2025-09-30 03:15:32,950 [INFO] HTTP Request: POST https://api.telegram.org/bot8373988253:AAFIexsmj8bXJ7X4PtU4zmutYYljWNLDeMc/getUpdates "HTTP/1.1 200 OK"
2025-09-30 03:15:43,020 [INFO] HTTP Request: POST https://api.telegram.org/bot8373988253:AAFIexsmj8bXJ7X4PtU4zmutYYljWNLDeMc/getUpdates "HTTP/1.1 200 OK"
2025-09-30 03:15:53,091 [INFO] HTTP Request: POST https://api.telegram.org/bot8373988253:AAFIexsmj8bXJ7X4PtU4zmutYYljWNLDeMc/getUpdates "HTTP/1.1 200 OK"
2025-09-30 03:16:03,163 [INFO] HTTP Request: POST https://api.telegram.org/bot8373988253:AAFIexsmj8bXJ7X4PtU4zmutYYljWNLDeMc/getUpdates "HTTP/1.1 200 OK"
2025-09-30 03:16:08,356 [INFO] Received signal 2, shutting down...
2025-09-30 03:16:08,357 [INFO] Shutting down bot...
2025-09-30 03:16:08,357 [INFO] Application is stopping. This might take a moment.
2025-09-30 03:16:08,358 [CRITICAL] Fetching updates was aborted due to CancelledError(). Suppressing exception to ensure graceful shutdown.
Traceback (most recent call last):
  File "/usr/lib64/python3.13/asyncio/runners.py", line 195, in run
    return runner.run(main)
           ~~~~~~~~~~^^^^^^
  File "/usr/lib64/python3.13/asyncio/runners.py", line 118, in run
    return self._loop.run_until_complete(task)
           ~~~~~~~~~~~~~~~~~~~~~~~~~~~~~^^^^^^
  File "/usr/lib64/python3.13/asyncio/base_events.py", line 712, in run_until_complete
    self.run_forever()
    ~~~~~~~~~~~~~~~~^^
  File "/usr/lib64/python3.13/asyncio/base_events.py", line 683, in run_forever
    self._run_once()
    ~~~~~~~~~~~~~~^^
  File "/usr/lib64/python3.13/asyncio/base_events.py", line 2012, in _run_once
    event_list = self._selector.select(timeout)
  File "/usr/lib64/python3.13/selectors.py", line 452, in select
    fd_event_list = self._selector.poll(timeout, max_ev)
  File "/home/blueberry/studybot/app.py", line 368, in signal_handler
    await update.message.reply_text(
    ^^^
SystemExit: 0

During handling of the above exception, another exception occurred:

Traceback (most recent call last):
  File "/home/blueberry/studybot/app.py", line 415, in main
  File "/usr/lib64/python3.13/asyncio/locks.py", line 213, in wait
    await fut
asyncio.exceptions.CancelledError

During handling of the above exception, another exception occurred:

Traceback (most recent call last):
  File "/home/blueberry/.local/lib/python3.13/site-packages/telegram/ext/_application.py", line 673, in stop
    self.__update_fetcher_task.result()
    ~~~~~~~~~~~~~~~~~~~~~~~~~~~~~~~~~^^
  File "/home/blueberry/.local/lib/python3.13/site-packages/telegram/ext/_application.py", line 1233, in _update_fetcher
    await self.__update_fetcher()
  File "/home/blueberry/.local/lib/python3.13/site-packages/telegram/ext/_application.py", line 1212, in __update_fetcher
    update = await self.update_queue.get()
             ^^^^^^^^^^^^^^^^^^^^^^^^^^^^^
  File "/usr/lib64/python3.13/asyncio/queues.py", line 186, in get
    await getter
asyncio.exceptions.CancelledError
2025-09-30 03:16:08,409 [INFO] Scheduler has been shut down
2025-09-30 03:16:08,421 [INFO] Application.stop() complete
2025-09-30 03:16:08,423 [ERROR] unhandled exception during asyncio.run() shutdown
task: <Task finished name='Task-1' coro=<main() done, defined at /home/blueberry/studybot/app.py:371> exception=RuntimeError('This Updater is still running!')>
Traceback (most recent call last):
  File "/usr/lib64/python3.13/asyncio/runners.py", line 195, in run
    return runner.run(main)
           ~~~~~~~~~~^^^^^^
  File "/usr/lib64/python3.13/asyncio/runners.py", line 118, in run
    return self._loop.run_until_complete(task)
           ~~~~~~~~~~~~~~~~~~~~~~~~~~~~~^^^^^^
  File "/usr/lib64/python3.13/asyncio/base_events.py", line 712, in run_until_complete
    self.run_forever()
    ~~~~~~~~~~~~~~~~^^
  File "/usr/lib64/python3.13/asyncio/base_events.py", line 683, in run_forever
    self._run_once()
    ~~~~~~~~~~~~~~^^
  File "/usr/lib64/python3.13/asyncio/base_events.py", line 2012, in _run_once
    event_list = self._selector.select(timeout)
  File "/usr/lib64/python3.13/selectors.py", line 452, in select
    fd_event_list = self._selector.poll(timeout, max_ev)
  File "/home/blueberry/studybot/app.py", line 368, in signal_handler
    await update.message.reply_text(
    ^^^
SystemExit: 0

During handling of the above exception, another exception occurred:

Traceback (most recent call last):
  File "/home/blueberry/studybot/app.py", line 415, in main
  File "/usr/lib64/python3.13/asyncio/locks.py", line 213, in wait
    await fut
asyncio.exceptions.CancelledError

During handling of the above exception, another exception occurred:

Traceback (most recent call last):
  File "/home/blueberry/studybot/app.py", line 424, in main
    app.add_handler(CommandHandler("add", add_term))
        ^^^^^^^^^^^^^^^^^^^^
  File "/home/blueberry/.local/lib/python3.13/site-packages/telegram/ext/_application.py", line 547, in shutdown
    await self.updater.shutdown()
  File "/home/blueberry/.local/lib/python3.13/site-packages/telegram/ext/_updater.py", line 197, in shutdown
    raise RuntimeError("This Updater is still running!")
RuntimeError: This Updater is still running!
2025-09-30 03:16:13,777 [INFO] Starting study channel bot...
2025-09-30 03:16:14,226 [INFO] HTTP Request: POST https://api.telegram.org/bot8373988253:AAFIexsmj8bXJ7X4PtU4zmutYYljWNLDeMc/setMyCommands "HTTP/1.1 200 OK"
2025-09-30 03:16:14,296 [INFO] HTTP Request: POST https://api.telegram.org/bot8373988253:AAFIexsmj8bXJ7X4PtU4zmutYYljWNLDeMc/getMe "HTTP/1.1 200 OK"
2025-09-30 03:16:14,298 [INFO] Study channel bot started successfully
2025-09-30 03:16:14,298 [INFO] Scheduler started
2025-09-30 03:16:14,299 [INFO] Application started
2025-09-30 03:16:14,370 [INFO] HTTP Request: POST https://api.telegram.org/bot8373988253:AAFIexsmj8bXJ7X4PtU4zmutYYljWNLDeMc/deleteWebhook "HTTP/1.1 200 OK"
2025-09-30 03:16:24,577 [INFO] HTTP Request: POST https://api.telegram.org/bot8373988253:AAFIexsmj8bXJ7X4PtU4zmutYYljWNLDeMc/getUpdates "HTTP/1.1 200 OK"
2025-09-30 03:16:32,174 [INFO] HTTP Request: POST https://api.telegram.org/bot8373988253:AAFIexsmj8bXJ7X4PtU4zmutYYljWNLDeMc/getUpdates "HTTP/1.1 200 OK"
2025-09-30 03:16:32,177 [INFO] Added definition #2 for term: Abstraction
2025-09-30 03:16:42,247 [INFO] HTTP Request: POST https://api.telegram.org/bot8373988253:AAFIexsmj8bXJ7X4PtU4zmutYYljWNLDeMc/getUpdates "HTTP/1.1 200 OK"
2025-09-30 03:16:52,318 [INFO] HTTP Request: POST https://api.telegram.org/bot8373988253:AAFIexsmj8bXJ7X4PtU4zmutYYljWNLDeMc/getUpdates "HTTP/1.1 200 OK"
2025-09-30 03:17:02,389 [INFO] HTTP Request: POST https://api.telegram.org/bot8373988253:AAFIexsmj8bXJ7X4PtU4zmutYYljWNLDeMc/getUpdates "HTTP/1.1 200 OK"
2025-09-30 03:17:12,171 [INFO] HTTP Request: POST https://api.telegram.org/bot8373988253:AAFIexsmj8bXJ7X4PtU4zmutYYljWNLDeMc/getUpdates "HTTP/1.1 200 OK"
2025-09-30 03:17:12,173 [INFO] Added definition #3 for term: Abstraction
2025-09-30 03:17:22,246 [INFO] HTTP Request: POST https://api.telegram.org/bot8373988253:AAFIexsmj8bXJ7X4PtU4zmutYYljWNLDeMc/getUpdates "HTTP/1.1 200 OK"
2025-09-30 03:17:32,315 [INFO] HTTP Request: POST https://api.telegram.org/bot8373988253:AAFIexsmj8bXJ7X4PtU4zmutYYljWNLDeMc/getUpdates "HTTP/1.1 200 OK"
2025-09-30 03:17:42,389 [INFO] HTTP Request: POST https://api.telegram.org/bot8373988253:AAFIexsmj8bXJ7X4PtU4zmutYYljWNLDeMc/getUpdates "HTTP/1.1 200 OK"
2025-09-30 03:17:45,413 [INFO] HTTP Request: POST https://api.telegram.org/bot8373988253:AAFIexsmj8bXJ7X4PtU4zmutYYljWNLDeMc/getUpdates "HTTP/1.1 200 OK"
2025-09-30 03:17:45,655 [INFO] HTTP Request: POST https://api.telegram.org/bot8373988253:AAFIexsmj8bXJ7X4PtU4zmutYYljWNLDeMc/sendMessage "HTTP/1.1 200 OK"
2025-09-30 03:17:53,673 [INFO] HTTP Request: POST https://api.telegram.org/bot8373988253:AAFIexsmj8bXJ7X4PtU4zmutYYljWNLDeMc/getUpdates "HTTP/1.1 200 OK"
2025-09-30 03:17:53,910 [INFO] HTTP Request: POST https://api.telegram.org/bot8373988253:AAFIexsmj8bXJ7X4PtU4zmutYYljWNLDeMc/sendMessage "HTTP/1.1 200 OK"
2025-09-30 03:18:03,750 [INFO] HTTP Request: POST https://api.telegram.org/bot8373988253:AAFIexsmj8bXJ7X4PtU4zmutYYljWNLDeMc/getUpdates "HTTP/1.1 200 OK"
2025-09-30 03:18:13,825 [INFO] HTTP Request: POST https://api.telegram.org/bot8373988253:AAFIexsmj8bXJ7X4PtU4zmutYYljWNLDeMc/getUpdates "HTTP/1.1 200 OK"
2025-09-30 03:18:23,732 [INFO] HTTP Request: POST https://api.telegram.org/bot8373988253:AAFIexsmj8bXJ7X4PtU4zmutYYljWNLDeMc/getUpdates "HTTP/1.1 200 OK"
2025-09-30 03:18:23,963 [INFO] HTTP Request: POST https://api.telegram.org/bot8373988253:AAFIexsmj8bXJ7X4PtU4zmutYYljWNLDeMc/sendMessage "HTTP/1.1 200 OK"
2025-09-30 03:18:23,965 [INFO] Deleted term: Abstraction
2025-09-30 03:18:33,804 [INFO] HTTP Request: POST https://api.telegram.org/bot8373988253:AAFIexsmj8bXJ7X4PtU4zmutYYljWNLDeMc/getUpdates "HTTP/1.1 200 OK"
2025-09-30 03:18:35,623 [INFO] HTTP Request: POST https://api.telegram.org/bot8373988253:AAFIexsmj8bXJ7X4PtU4zmutYYljWNLDeMc/getUpdates "HTTP/1.1 200 OK"
2025-09-30 03:18:35,624 [INFO] Auto-learned new term from channel: Abstraction
2025-09-30 03:18:41,602 [INFO] HTTP Request: POST https://api.telegram.org/bot8373988253:AAFIexsmj8bXJ7X4PtU4zmutYYljWNLDeMc/getUpdates "HTTP/1.1 200 OK"
2025-09-30 03:18:41,604 [INFO] Added definition #2 for term: Abstraction
2025-09-30 03:18:51,674 [INFO] HTTP Request: POST https://api.telegram.org/bot8373988253:AAFIexsmj8bXJ7X4PtU4zmutYYljWNLDeMc/getUpdates "HTTP/1.1 200 OK"
2025-09-30 03:18:55,894 [INFO] HTTP Request: POST https://api.telegram.org/bot8373988253:AAFIexsmj8bXJ7X4PtU4zmutYYljWNLDeMc/getUpdates "HTTP/1.1 200 OK"
2025-09-30 03:18:56,122 [INFO] HTTP Request: POST https://api.telegram.org/bot8373988253:AAFIexsmj8bXJ7X4PtU4zmutYYljWNLDeMc/sendMessage "HTTP/1.1 200 OK"
2025-09-30 03:19:05,964 [INFO] HTTP Request: POST https://api.telegram.org/bot8373988253:AAFIexsmj8bXJ7X4PtU4zmutYYljWNLDeMc/getUpdates "HTTP/1.1 200 OK"
2025-09-30 03:19:16,036 [INFO] HTTP Request: POST https://api.telegram.org/bot8373988253:AAFIexsmj8bXJ7X4PtU4zmutYYljWNLDeMc/getUpdates "HTTP/1.1 200 OK"
2025-09-30 03:19:26,108 [INFO] HTTP Request: POST https://api.telegram.org/bot8373988253:AAFIexsmj8bXJ7X4PtU4zmutYYljWNLDeMc/getUpdates "HTTP/1.1 200 OK"
2025-09-30 03:19:36,183 [INFO] HTTP Request: POST https://api.telegram.org/bot8373988253:AAFIexsmj8bXJ7X4PtU4zmutYYljWNLDeMc/getUpdates "HTTP/1.1 200 OK"
2025-09-30 03:19:46,257 [INFO] HTTP Request: POST https://api.telegram.org/bot8373988253:AAFIexsmj8bXJ7X4PtU4zmutYYljWNLDeMc/getUpdates "HTTP/1.1 200 OK"
2025-09-30 03:19:56,328 [INFO] HTTP Request: POST https://api.telegram.org/bot8373988253:AAFIexsmj8bXJ7X4PtU4zmutYYljWNLDeMc/getUpdates "HTTP/1.1 200 OK"
2025-09-30 03:20:06,405 [INFO] HTTP Request: POST https://api.telegram.org/bot8373988253:AAFIexsmj8bXJ7X4PtU4zmutYYljWNLDeMc/getUpdates "HTTP/1.1 200 OK"
2025-09-30 03:20:16,477 [INFO] HTTP Request: POST https://api.telegram.org/bot8373988253:AAFIexsmj8bXJ7X4PtU4zmutYYljWNLDeMc/getUpdates "HTTP/1.1 200 OK"
2025-09-30 03:20:26,563 [INFO] HTTP Request: POST https://api.telegram.org/bot8373988253:AAFIexsmj8bXJ7X4PtU4zmutYYljWNLDeMc/getUpdates "HTTP/1.1 200 OK"
2025-09-30 03:20:36,634 [INFO] HTTP Request: POST https://api.telegram.org/bot8373988253:AAFIexsmj8bXJ7X4PtU4zmutYYljWNLDeMc/getUpdates "HTTP/1.1 200 OK"
2025-09-30 03:20:46,708 [INFO] HTTP Request: POST https://api.telegram.org/bot8373988253:AAFIexsmj8bXJ7X4PtU4zmutYYljWNLDeMc/getUpdates "HTTP/1.1 200 OK"
2025-09-30 03:20:56,781 [INFO] HTTP Request: POST https://api.telegram.org/bot8373988253:AAFIexsmj8bXJ7X4PtU4zmutYYljWNLDeMc/getUpdates "HTTP/1.1 200 OK"
2025-09-30 03:21:06,849 [INFO] HTTP Request: POST https://api.telegram.org/bot8373988253:AAFIexsmj8bXJ7X4PtU4zmutYYljWNLDeMc/getUpdates "HTTP/1.1 200 OK"
2025-09-30 03:21:16,917 [INFO] HTTP Request: POST https://api.telegram.org/bot8373988253:AAFIexsmj8bXJ7X4PtU4zmutYYljWNLDeMc/getUpdates "HTTP/1.1 200 OK"
2025-09-30 03:21:26,988 [INFO] HTTP Request: POST https://api.telegram.org/bot8373988253:AAFIexsmj8bXJ7X4PtU4zmutYYljWNLDeMc/getUpdates "HTTP/1.1 200 OK"
2025-09-30 03:21:37,059 [INFO] HTTP Request: POST https://api.telegram.org/bot8373988253:AAFIexsmj8bXJ7X4PtU4zmutYYljWNLDeMc/getUpdates "HTTP/1.1 200 OK"
2025-09-30 03:21:41,509 [INFO] Received signal 2, shutting down...
2025-09-30 03:21:41,514 [INFO] Shutting down bot...
2025-09-30 03:21:41,514 [INFO] Application is stopping. This might take a moment.
2025-09-30 03:21:41,514 [CRITICAL] Fetching updates was aborted due to CancelledError(). Suppressing exception to ensure graceful shutdown.
Traceback (most recent call last):
  File "/usr/lib64/python3.13/asyncio/runners.py", line 195, in run
    return runner.run(main)
           ~~~~~~~~~~^^^^^^
  File "/usr/lib64/python3.13/asyncio/runners.py", line 118, in run
    return self._loop.run_until_complete(task)
           ~~~~~~~~~~~~~~~~~~~~~~~~~~~~~^^^^^^
  File "/usr/lib64/python3.13/asyncio/base_events.py", line 712, in run_until_complete
    self.run_forever()
    ~~~~~~~~~~~~~~~~^^
  File "/usr/lib64/python3.13/asyncio/base_events.py", line 683, in run_forever
    self._run_once()
    ~~~~~~~~~~~~~~^^
  File "/usr/lib64/python3.13/asyncio/base_events.py", line 2012, in _run_once
    event_list = self._selector.select(timeout)
  File "/usr/lib64/python3.13/selectors.py", line 452, in select
    fd_event_list = self._selector.poll(timeout, max_ev)
  File "/home/blueberry/studybot/app.py", line 408, in signal_handler
    except Exception as e:
    ^^^^^^^^^^^
SystemExit: 0

During handling of the above exception, another exception occurred:

Traceback (most recent call last):
  File "/home/blueberry/studybot/app.py", line 455, in main
  File "/usr/lib64/python3.13/asyncio/locks.py", line 213, in wait
    await fut
asyncio.exceptions.CancelledError

During handling of the above exception, another exception occurred:

Traceback (most recent call last):
  File "/home/blueberry/.local/lib/python3.13/site-packages/telegram/ext/_application.py", line 673, in stop
    self.__update_fetcher_task.result()
    ~~~~~~~~~~~~~~~~~~~~~~~~~~~~~~~~~^^
  File "/home/blueberry/.local/lib/python3.13/site-packages/telegram/ext/_application.py", line 1233, in _update_fetcher
    await self.__update_fetcher()
  File "/home/blueberry/.local/lib/python3.13/site-packages/telegram/ext/_application.py", line 1212, in __update_fetcher
    update = await self.update_queue.get()
             ^^^^^^^^^^^^^^^^^^^^^^^^^^^^^
  File "/usr/lib64/python3.13/asyncio/queues.py", line 186, in get
    await getter
asyncio.exceptions.CancelledError
2025-09-30 03:21:41,575 [INFO] Scheduler has been shut down
2025-09-30 03:21:41,587 [INFO] Application.stop() complete
2025-09-30 03:21:41,589 [ERROR] unhandled exception during asyncio.run() shutdown
task: <Task finished name='Task-1' coro=<main() done, defined at /home/blueberry/studybot/app.py:411> exception=RuntimeError('This Updater is still running!')>
Traceback (most recent call last):
  File "/usr/lib64/python3.13/asyncio/runners.py", line 195, in run
    return runner.run(main)
           ~~~~~~~~~~^^^^^^
  File "/usr/lib64/python3.13/asyncio/runners.py", line 118, in run
    return self._loop.run_until_complete(task)
           ~~~~~~~~~~~~~~~~~~~~~~~~~~~~~^^^^^^
  File "/usr/lib64/python3.13/asyncio/base_events.py", line 712, in run_until_complete
    self.run_forever()
    ~~~~~~~~~~~~~~~~^^
  File "/usr/lib64/python3.13/asyncio/base_events.py", line 683, in run_forever
    self._run_once()
    ~~~~~~~~~~~~~~^^
  File "/usr/lib64/python3.13/asyncio/base_events.py", line 2012, in _run_once
    event_list = self._selector.select(timeout)
  File "/usr/lib64/python3.13/selectors.py", line 452, in select
    fd_event_list = self._selector.poll(timeout, max_ev)
  File "/home/blueberry/studybot/app.py", line 408, in signal_handler
    except Exception as e:
    ^^^^^^^^^^^
SystemExit: 0

During handling of the above exception, another exception occurred:

Traceback (most recent call last):
  File "/home/blueberry/studybot/app.py", line 455, in main
  File "/usr/lib64/python3.13/asyncio/locks.py", line 213, in wait
    await fut
asyncio.exceptions.CancelledError

During handling of the above exception, another exception occurred:

Traceback (most recent call last):
  File "/home/blueberry/studybot/app.py", line 464, in main
    logger.error(f"Error running bot: {e}")
        ^^^^^^^^^^^^^^^^^^^^
  File "/home/blueberry/.local/lib/python3.13/site-packages/telegram/ext/_application.py", line 547, in shutdown
    await self.updater.shutdown()
  File "/home/blueberry/.local/lib/python3.13/site-packages/telegram/ext/_updater.py", line 197, in shutdown
    raise RuntimeError("This Updater is still running!")
RuntimeError: This Updater is still running!
2025-09-30 03:21:48,365 [INFO] Starting study channel bot...
2025-09-30 03:21:48,696 [INFO] HTTP Request: POST https://api.telegram.org/bot8373988253:AAFIexsmj8bXJ7X4PtU4zmutYYljWNLDeMc/setMyCommands "HTTP/1.1 200 OK"
2025-09-30 03:21:48,769 [INFO] HTTP Request: POST https://api.telegram.org/bot8373988253:AAFIexsmj8bXJ7X4PtU4zmutYYljWNLDeMc/getMe "HTTP/1.1 200 OK"
2025-09-30 03:21:48,771 [INFO] Study channel bot started successfully
2025-09-30 03:21:48,772 [INFO] Scheduler started
2025-09-30 03:21:48,772 [INFO] Application started
2025-09-30 03:21:48,845 [INFO] HTTP Request: POST https://api.telegram.org/bot8373988253:AAFIexsmj8bXJ7X4PtU4zmutYYljWNLDeMc/deleteWebhook "HTTP/1.1 200 OK"
2025-09-30 03:21:59,057 [INFO] HTTP Request: POST https://api.telegram.org/bot8373988253:AAFIexsmj8bXJ7X4PtU4zmutYYljWNLDeMc/getUpdates "HTTP/1.1 200 OK"
2025-09-30 03:22:03,572 [INFO] HTTP Request: POST https://api.telegram.org/bot8373988253:AAFIexsmj8bXJ7X4PtU4zmutYYljWNLDeMc/getUpdates "HTTP/1.1 200 OK"
2025-09-30 03:22:03,808 [INFO] HTTP Request: POST https://api.telegram.org/bot8373988253:AAFIexsmj8bXJ7X4PtU4zmutYYljWNLDeMc/sendMessage "HTTP/1.1 200 OK"
2025-09-30 03:22:03,811 [INFO] Deleted term: Abstraction
2025-09-30 03:22:09,967 [INFO] HTTP Request: POST https://api.telegram.org/bot8373988253:AAFIexsmj8bXJ7X4PtU4zmutYYljWNLDeMc/getUpdates "HTTP/1.1 200 OK"
2025-09-30 03:22:09,969 [INFO] Auto-learned new term from channel: Abstraction
2025-09-30 03:22:13,676 [INFO] HTTP Request: POST https://api.telegram.org/bot8373988253:AAFIexsmj8bXJ7X4PtU4zmutYYljWNLDeMc/getUpdates "HTTP/1.1 200 OK"
2025-09-30 03:22:13,677 [INFO] Added definition #2 for term: Abstraction
2025-09-30 03:22:23,746 [INFO] HTTP Request: POST https://api.telegram.org/bot8373988253:AAFIexsmj8bXJ7X4PtU4zmutYYljWNLDeMc/getUpdates "HTTP/1.1 200 OK"
2025-09-30 03:22:28,273 [INFO] HTTP Request: POST https://api.telegram.org/bot8373988253:AAFIexsmj8bXJ7X4PtU4zmutYYljWNLDeMc/getUpdates "HTTP/1.1 200 OK"
2025-09-30 03:22:28,518 [INFO] HTTP Request: POST https://api.telegram.org/bot8373988253:AAFIexsmj8bXJ7X4PtU4zmutYYljWNLDeMc/sendMessage "HTTP/1.1 200 OK"
2025-09-30 03:22:38,343 [INFO] HTTP Request: POST https://api.telegram.org/bot8373988253:AAFIexsmj8bXJ7X4PtU4zmutYYljWNLDeMc/getUpdates "HTTP/1.1 200 OK"
2025-09-30 03:22:48,413 [INFO] HTTP Request: POST https://api.telegram.org/bot8373988253:AAFIexsmj8bXJ7X4PtU4zmutYYljWNLDeMc/getUpdates "HTTP/1.1 200 OK"
2025-09-30 03:22:58,490 [INFO] HTTP Request: POST https://api.telegram.org/bot8373988253:AAFIexsmj8bXJ7X4PtU4zmutYYljWNLDeMc/getUpdates "HTTP/1.1 200 OK"
2025-09-30 03:22:59,169 [INFO] Received signal 2, shutting down...
2025-09-30 03:22:59,169 [INFO] Shutting down bot...
2025-09-30 03:22:59,169 [INFO] Application is stopping. This might take a moment.
2025-09-30 03:22:59,169 [CRITICAL] Fetching updates was aborted due to CancelledError(). Suppressing exception to ensure graceful shutdown.
Traceback (most recent call last):
  File "/usr/lib64/python3.13/asyncio/runners.py", line 195, in run
    return runner.run(main)
           ~~~~~~~~~~^^^^^^
  File "/usr/lib64/python3.13/asyncio/runners.py", line 118, in run
    return self._loop.run_until_complete(task)
           ~~~~~~~~~~~~~~~~~~~~~~~~~~~~~^^^^^^
  File "/usr/lib64/python3.13/asyncio/base_events.py", line 712, in run_until_complete
    self.run_forever()
    ~~~~~~~~~~~~~~~~^^
  File "/usr/lib64/python3.13/asyncio/base_events.py", line 683, in run_forever
    self._run_once()
    ~~~~~~~~~~~~~~^^
  File "/usr/lib64/python3.13/asyncio/base_events.py", line 2012, in _run_once
    event_list = self._selector.select(timeout)
  File "/usr/lib64/python3.13/selectors.py", line 452, in select
    fd_event_list = self._selector.poll(timeout, max_ev)
  File "/home/blueberry/studybot/app.py", line 414, in signal_handler
    sys.exit(0)
    ~~~~~~~~^^^
SystemExit: 0

During handling of the above exception, another exception occurred:

Traceback (most recent call last):
  File "/home/blueberry/studybot/app.py", line 461, in main
    await asyncio.Event().wait()
  File "/usr/lib64/python3.13/asyncio/locks.py", line 213, in wait
    await fut
asyncio.exceptions.CancelledError

During handling of the above exception, another exception occurred:

Traceback (most recent call last):
  File "/home/blueberry/.local/lib/python3.13/site-packages/telegram/ext/_application.py", line 673, in stop
    self.__update_fetcher_task.result()
    ~~~~~~~~~~~~~~~~~~~~~~~~~~~~~~~~~^^
  File "/home/blueberry/.local/lib/python3.13/site-packages/telegram/ext/_application.py", line 1233, in _update_fetcher
    await self.__update_fetcher()
  File "/home/blueberry/.local/lib/python3.13/site-packages/telegram/ext/_application.py", line 1212, in __update_fetcher
    update = await self.update_queue.get()
             ^^^^^^^^^^^^^^^^^^^^^^^^^^^^^
  File "/usr/lib64/python3.13/asyncio/queues.py", line 186, in get
    await getter
asyncio.exceptions.CancelledError
2025-09-30 03:22:59,174 [INFO] Scheduler has been shut down
2025-09-30 03:22:59,185 [INFO] Application.stop() complete
2025-09-30 03:22:59,186 [ERROR] unhandled exception during asyncio.run() shutdown
task: <Task finished name='Task-1' coro=<main() done, defined at /home/blueberry/studybot/app.py:417> exception=RuntimeError('This Updater is still running!')>
Traceback (most recent call last):
  File "/usr/lib64/python3.13/asyncio/runners.py", line 195, in run
    return runner.run(main)
           ~~~~~~~~~~^^^^^^
  File "/usr/lib64/python3.13/asyncio/runners.py", line 118, in run
    return self._loop.run_until_complete(task)
           ~~~~~~~~~~~~~~~~~~~~~~~~~~~~~^^^^^^
  File "/usr/lib64/python3.13/asyncio/base_events.py", line 712, in run_until_complete
    self.run_forever()
    ~~~~~~~~~~~~~~~~^^
  File "/usr/lib64/python3.13/asyncio/base_events.py", line 683, in run_forever
    self._run_once()
    ~~~~~~~~~~~~~~^^
  File "/usr/lib64/python3.13/asyncio/base_events.py", line 2012, in _run_once
    event_list = self._selector.select(timeout)
  File "/usr/lib64/python3.13/selectors.py", line 452, in select
    fd_event_list = self._selector.poll(timeout, max_ev)
  File "/home/blueberry/studybot/app.py", line 414, in signal_handler
    sys.exit(0)
    ~~~~~~~~^^^
SystemExit: 0

During handling of the above exception, another exception occurred:

Traceback (most recent call last):
  File "/home/blueberry/studybot/app.py", line 461, in main
    await asyncio.Event().wait()
  File "/usr/lib64/python3.13/asyncio/locks.py", line 213, in wait
    await fut
asyncio.exceptions.CancelledError

During handling of the above exception, another exception occurred:

Traceback (most recent call last):
  File "/home/blueberry/studybot/app.py", line 470, in main
    await app.shutdown()
  File "/home/blueberry/.local/lib/python3.13/site-packages/telegram/ext/_application.py", line 547, in shutdown
    await self.updater.shutdown()
  File "/home/blueberry/.local/lib/python3.13/site-packages/telegram/ext/_updater.py", line 197, in shutdown
    raise RuntimeError("This Updater is still running!")
RuntimeError: This Updater is still running!
2025-09-30 03:42:08,877 [INFO] Starting multi-channel study bot...
2025-09-30 03:42:09,176 [INFO] HTTP Request: POST https://api.telegram.org/bot8373988253:AAFIexsmj8bXJ7X4PtU4zmutYYljWNLDeMc/setMyCommands "HTTP/1.1 200 OK"
2025-09-30 03:42:09,246 [INFO] HTTP Request: POST https://api.telegram.org/bot8373988253:AAFIexsmj8bXJ7X4PtU4zmutYYljWNLDeMc/getMe "HTTP/1.1 200 OK"
2025-09-30 03:42:09,247 [INFO] Multi-channel study bot started successfully
2025-09-30 03:42:09,248 [INFO] Scheduler started
2025-09-30 03:42:09,248 [INFO] Application started
2025-09-30 03:42:09,317 [INFO] HTTP Request: POST https://api.telegram.org/bot8373988253:AAFIexsmj8bXJ7X4PtU4zmutYYljWNLDeMc/deleteWebhook "HTTP/1.1 200 OK"
2025-09-30 03:42:19,548 [INFO] HTTP Request: POST https://api.telegram.org/bot8373988253:AAFIexsmj8bXJ7X4PtU4zmutYYljWNLDeMc/getUpdates "HTTP/1.1 200 OK"
2025-09-30 03:42:29,620 [INFO] HTTP Request: POST https://api.telegram.org/bot8373988253:AAFIexsmj8bXJ7X4PtU4zmutYYljWNLDeMc/getUpdates "HTTP/1.1 200 OK"
2025-09-30 03:42:39,690 [INFO] HTTP Request: POST https://api.telegram.org/bot8373988253:AAFIexsmj8bXJ7X4PtU4zmutYYljWNLDeMc/getUpdates "HTTP/1.1 200 OK"
2025-09-30 03:42:49,761 [INFO] HTTP Request: POST https://api.telegram.org/bot8373988253:AAFIexsmj8bXJ7X4PtU4zmutYYljWNLDeMc/getUpdates "HTTP/1.1 200 OK"
2025-09-30 03:42:59,830 [INFO] HTTP Request: POST https://api.telegram.org/bot8373988253:AAFIexsmj8bXJ7X4PtU4zmutYYljWNLDeMc/getUpdates "HTTP/1.1 200 OK"
2025-09-30 03:43:09,908 [INFO] HTTP Request: POST https://api.telegram.org/bot8373988253:AAFIexsmj8bXJ7X4PtU4zmutYYljWNLDeMc/getUpdates "HTTP/1.1 200 OK"
2025-09-30 03:43:19,980 [INFO] HTTP Request: POST https://api.telegram.org/bot8373988253:AAFIexsmj8bXJ7X4PtU4zmutYYljWNLDeMc/getUpdates "HTTP/1.1 200 OK"
2025-09-30 03:43:30,052 [INFO] HTTP Request: POST https://api.telegram.org/bot8373988253:AAFIexsmj8bXJ7X4PtU4zmutYYljWNLDeMc/getUpdates "HTTP/1.1 200 OK"
2025-09-30 03:43:35,370 [INFO] Received signal 2, shutting down...
2025-09-30 03:43:35,370 [INFO] Shutting down bot...
2025-09-30 03:43:35,371 [INFO] Application is stopping. This might take a moment.
